<?xml version="1.0" encoding="UTF-8"?>
<!-- Generated by org.testng.reporters.JUnitXMLReporter -->
<testsuite ignored="1" hostname="DESKTOP-VC786S5" failures="1" tests="2" name="Animal Loan" time="0.088" errors="0" timestamp="2025-05-20T23:13:37 IST">
  <testcase classname="loan.Animal" name="goatLoan" time="0.029">
    <failure type="java.lang.AssertionError" message="expected [true] but found [false]">
      <![CDATA[java.lang.AssertionError: expected [true] but found [false]
at loan.Animal.goatLoan(Animal.java:26)
at java.base/java.util.ArrayList.forEach(ArrayList.java:1596)
at java.base/java.util.concurrent.FutureTask.run$$$capture(FutureTask.java:317)
at java.base/java.util.concurrent.FutureTask.run(FutureTask.java)
at --- Async.Stack.Trace --- (captured by IntelliJ IDEA debugger)
at java.base/java.util.concurrent.FutureTask.<init>(FutureTask.java:132)
at java.base/java.util.concurrent.AbstractExecutorService.newTaskFor(AbstractExecutorService.java:113)
at java.base/java.util.concurrent.AbstractExecutorService.invokeAll(AbstractExecutorService.java:274)
at com.intellij.rt.testng.IDEARemoteTestNG.run(IDEARemoteTestNG.java:65)
at com.intellij.rt.testng.RemoteTestNGStarter.main(RemoteTestNGStarter.java:105)
... Removed 29 stack frames]]>
    </failure>
  </testcase> <!-- goatLoan -->
  <testcase classname="loan.Animal" name="sheepLoan" time="0.006"/>
  <testcase classname="loan.Animal" name="cowLoan" time="0.0">
    <ignored/>
  </testcase> <!-- cowLoan -->
</testsuite> <!-- Animal Loan -->
